c:\users\m\desktop\swgbg-widescreen-main\build\obj\release\vc142.pdb
c:\users\m\desktop\swgbg-widescreen-main\build\obj\release\windowed.obj
c:\users\m\desktop\swgbg-widescreen-main\build\obj\release\widescreen.obj
c:\users\m\desktop\swgbg-widescreen-main\build\obj\release\slp.obj
c:\users\m\desktop\swgbg-widescreen-main\build\obj\release\language.obj
c:\users\m\desktop\swgbg-widescreen-main\build\obj\release\drsloader.obj
c:\users\m\desktop\swgbg-widescreen-main\build\obj\release\drsfile.obj
c:\users\m\desktop\swgbg-widescreen-main\build\obj\release\dsound.obj
c:\users\m\desktop\swgbg-widescreen-main\bin\release\dsound.lib
c:\users\m\desktop\swgbg-widescreen-main\bin\release\dsound.exp
c:\users\m\desktop\swgbg-widescreen-main\bin\release\dsound.dll
c:\users\m\desktop\swgbg-widescreen-main\build\obj\release\dsound.ipdb
c:\users\m\desktop\swgbg-widescreen-main\build\obj\release\dsound.iobj
c:\users\m\desktop\swgbg-widescreen-main\bin\release\dsound.pdb
c:\users\m\desktop\swgbg-widescreen-main\build\obj\release\dsound.tlog\cl.command.1.tlog
c:\users\m\desktop\swgbg-widescreen-main\build\obj\release\dsound.tlog\cl.read.1.tlog
c:\users\m\desktop\swgbg-widescreen-main\build\obj\release\dsound.tlog\cl.write.1.tlog
c:\users\m\desktop\swgbg-widescreen-main\build\obj\release\dsound.tlog\dsound.write.1u.tlog
c:\users\m\desktop\swgbg-widescreen-main\build\obj\release\dsound.tlog\link.command.1.tlog
c:\users\m\desktop\swgbg-widescreen-main\build\obj\release\dsound.tlog\link.read.1.tlog
c:\users\m\desktop\swgbg-widescreen-main\build\obj\release\dsound.tlog\link.write.1.tlog
